===>train_size:  11314
===>test_size:  7532
===>vocab_size:  5000
===>average length: 110.543
Load pretrained glove embeddings from : glove.6B.100d.txt
num-trained in voc_size: 4957|5000: 0.9914
===>using lr_scheduler
/mnt/miniconda3/envs/ducnq_topmost/lib/python3.10/site-packages/torch/optim/lr_scheduler.py:60: UserWarning: The verbose parameter is deprecated. Please use get_last_lr() to access the learning rate.
  warnings.warn(
  0%|                                                    | 0/10 [02:17<?, ?it/s]
Traceback (most recent call last):
  File "/mnt/tungns/Baselines/basic_trainer.py", line 440, in train
    loss_rst_dict[key] += rst_dict[key] * \
RuntimeError: The size of tensor a (200) must match the size of tensor b (114) at non-singleton dimension 0

During handling of the above exception, another exception occurred:

Traceback (most recent call last):
  File "/mnt/tungns/Baselines/main.py", line 131, in <module>
    trainer.train(dataset)
  File "/mnt/tungns/Baselines/basic_trainer.py", line 443, in train
    loss_rst_dict[key] += rst_dict[key] * len(batch_data)
RuntimeError: The size of tensor a (200) must match the size of tensor b (114) at non-singleton dimension 0
